=== puma startup: 2020-05-27 23:22:02 +0900 ===
bundler: failed to load command: pumactl (/Users/inutano/.rbenv/versions/2.6.5/bin/pumactl)
LoadError: cannot load such file -- /app
  config.ru:1:in `require_relative'
  config.ru:1:in `block in <main>'
  /Users/inutano/.rbenv/versions/2.6.5/lib/ruby/gems/2.6.0/gems/rack-2.2.2/lib/rack/builder.rb:116:in `eval'
  /Users/inutano/.rbenv/versions/2.6.5/lib/ruby/gems/2.6.0/gems/rack-2.2.2/lib/rack/builder.rb:116:in `new_from_string'
  /Users/inutano/.rbenv/versions/2.6.5/lib/ruby/gems/2.6.0/gems/rack-2.2.2/lib/rack/builder.rb:105:in `load_file'
  /Users/inutano/.rbenv/versions/2.6.5/lib/ruby/gems/2.6.0/gems/rack-2.2.2/lib/rack/builder.rb:66:in `parse_file'
  /Users/inutano/.rbenv/versions/2.6.5/lib/ruby/gems/2.6.0/gems/puma-4.3.5/lib/puma/configuration.rb:321:in `load_rackup'
  /Users/inutano/.rbenv/versions/2.6.5/lib/ruby/gems/2.6.0/gems/puma-4.3.5/lib/puma/configuration.rb:246:in `app'
  /Users/inutano/.rbenv/versions/2.6.5/lib/ruby/gems/2.6.0/gems/puma-4.3.5/lib/puma/runner.rb:155:in `load_and_bind'
  /Users/inutano/.rbenv/versions/2.6.5/lib/ruby/gems/2.6.0/gems/puma-4.3.5/lib/puma/single.rb:98:in `run'
  /Users/inutano/.rbenv/versions/2.6.5/lib/ruby/gems/2.6.0/gems/puma-4.3.5/lib/puma/launcher.rb:172:in `run'
  /Users/inutano/.rbenv/versions/2.6.5/lib/ruby/gems/2.6.0/gems/puma-4.3.5/lib/puma/cli.rb:80:in `run'
  /Users/inutano/.rbenv/versions/2.6.5/lib/ruby/gems/2.6.0/gems/puma-4.3.5/lib/puma/control_cli.rb:286:in `start'
  /Users/inutano/.rbenv/versions/2.6.5/lib/ruby/gems/2.6.0/gems/puma-4.3.5/lib/puma/control_cli.rb:250:in `run'
  /Users/inutano/.rbenv/versions/2.6.5/lib/ruby/gems/2.6.0/gems/puma-4.3.5/bin/pumactl:8:in `<top (required)>'
  /Users/inutano/.rbenv/versions/2.6.5/bin/pumactl:23:in `load'
  /Users/inutano/.rbenv/versions/2.6.5/bin/pumactl:23:in `<top (required)>'
=== puma startup: 2020-05-27 23:23:16 +0900 ===
bundler: failed to load command: pumactl (/Users/inutano/.rbenv/versions/2.6.5/bin/pumactl)
LoadError: cannot load such file -- /app
  config.ru:1:in `require_relative'
  config.ru:1:in `block in <main>'
  /Users/inutano/.rbenv/versions/2.6.5/lib/ruby/gems/2.6.0/gems/rack-2.2.2/lib/rack/builder.rb:116:in `eval'
  /Users/inutano/.rbenv/versions/2.6.5/lib/ruby/gems/2.6.0/gems/rack-2.2.2/lib/rack/builder.rb:116:in `new_from_string'
  /Users/inutano/.rbenv/versions/2.6.5/lib/ruby/gems/2.6.0/gems/rack-2.2.2/lib/rack/builder.rb:105:in `load_file'
  /Users/inutano/.rbenv/versions/2.6.5/lib/ruby/gems/2.6.0/gems/rack-2.2.2/lib/rack/builder.rb:66:in `parse_file'
  /Users/inutano/.rbenv/versions/2.6.5/lib/ruby/gems/2.6.0/gems/puma-4.3.5/lib/puma/configuration.rb:321:in `load_rackup'
  /Users/inutano/.rbenv/versions/2.6.5/lib/ruby/gems/2.6.0/gems/puma-4.3.5/lib/puma/configuration.rb:246:in `app'
  /Users/inutano/.rbenv/versions/2.6.5/lib/ruby/gems/2.6.0/gems/puma-4.3.5/lib/puma/runner.rb:155:in `load_and_bind'
  /Users/inutano/.rbenv/versions/2.6.5/lib/ruby/gems/2.6.0/gems/puma-4.3.5/lib/puma/single.rb:98:in `run'
  /Users/inutano/.rbenv/versions/2.6.5/lib/ruby/gems/2.6.0/gems/puma-4.3.5/lib/puma/launcher.rb:172:in `run'
  /Users/inutano/.rbenv/versions/2.6.5/lib/ruby/gems/2.6.0/gems/puma-4.3.5/lib/puma/cli.rb:80:in `run'
  /Users/inutano/.rbenv/versions/2.6.5/lib/ruby/gems/2.6.0/gems/puma-4.3.5/lib/puma/control_cli.rb:286:in `start'
  /Users/inutano/.rbenv/versions/2.6.5/lib/ruby/gems/2.6.0/gems/puma-4.3.5/lib/puma/control_cli.rb:250:in `run'
  /Users/inutano/.rbenv/versions/2.6.5/lib/ruby/gems/2.6.0/gems/puma-4.3.5/bin/pumactl:8:in `<top (required)>'
  /Users/inutano/.rbenv/versions/2.6.5/bin/pumactl:23:in `load'
  /Users/inutano/.rbenv/versions/2.6.5/bin/pumactl:23:in `<top (required)>'
=== puma startup: 2020-05-27 23:25:22 +0900 ===
bundler: failed to load command: puma (/Users/inutano/.rbenv/versions/2.6.5/bin/puma)
LoadError: cannot load such file -- /app
  config.ru:1:in `require_relative'
  config.ru:1:in `block in <main>'
  /Users/inutano/.rbenv/versions/2.6.5/lib/ruby/gems/2.6.0/gems/rack-2.2.2/lib/rack/builder.rb:116:in `eval'
  /Users/inutano/.rbenv/versions/2.6.5/lib/ruby/gems/2.6.0/gems/rack-2.2.2/lib/rack/builder.rb:116:in `new_from_string'
  /Users/inutano/.rbenv/versions/2.6.5/lib/ruby/gems/2.6.0/gems/rack-2.2.2/lib/rack/builder.rb:105:in `load_file'
  /Users/inutano/.rbenv/versions/2.6.5/lib/ruby/gems/2.6.0/gems/rack-2.2.2/lib/rack/builder.rb:66:in `parse_file'
  /Users/inutano/.rbenv/versions/2.6.5/lib/ruby/gems/2.6.0/gems/puma-4.3.5/lib/puma/configuration.rb:321:in `load_rackup'
  /Users/inutano/.rbenv/versions/2.6.5/lib/ruby/gems/2.6.0/gems/puma-4.3.5/lib/puma/configuration.rb:246:in `app'
  /Users/inutano/.rbenv/versions/2.6.5/lib/ruby/gems/2.6.0/gems/puma-4.3.5/lib/puma/runner.rb:155:in `load_and_bind'
  /Users/inutano/.rbenv/versions/2.6.5/lib/ruby/gems/2.6.0/gems/puma-4.3.5/lib/puma/single.rb:98:in `run'
  /Users/inutano/.rbenv/versions/2.6.5/lib/ruby/gems/2.6.0/gems/puma-4.3.5/lib/puma/launcher.rb:172:in `run'
  /Users/inutano/.rbenv/versions/2.6.5/lib/ruby/gems/2.6.0/gems/puma-4.3.5/lib/puma/cli.rb:80:in `run'
  /Users/inutano/.rbenv/versions/2.6.5/lib/ruby/gems/2.6.0/gems/puma-4.3.5/bin/puma:10:in `<top (required)>'
  /Users/inutano/.rbenv/versions/2.6.5/bin/puma:23:in `load'
  /Users/inutano/.rbenv/versions/2.6.5/bin/puma:23:in `<top (required)>'
=== puma startup: 2020-05-27 23:29:48 +0900 ===
=== puma startup: 2020-05-28 01:13:32 +0900 ===
bundler: failed to load command: puma (/Users/inutano/.rbenv/versions/2.6.5/bin/puma)
Errno::EADDRINUSE: Address already in use - bind(2) for "0.0.0.0" port 9292
  /Users/inutano/.rbenv/versions/2.6.5/lib/ruby/gems/2.6.0/gems/puma-4.3.5/lib/puma/binder.rb:229:in `initialize'
  /Users/inutano/.rbenv/versions/2.6.5/lib/ruby/gems/2.6.0/gems/puma-4.3.5/lib/puma/binder.rb:229:in `new'
  /Users/inutano/.rbenv/versions/2.6.5/lib/ruby/gems/2.6.0/gems/puma-4.3.5/lib/puma/binder.rb:229:in `add_tcp_listener'
  /Users/inutano/.rbenv/versions/2.6.5/lib/ruby/gems/2.6.0/gems/puma-4.3.5/lib/puma/binder.rb:106:in `block in parse'
  /Users/inutano/.rbenv/versions/2.6.5/lib/ruby/gems/2.6.0/gems/puma-4.3.5/lib/puma/binder.rb:90:in `each'
  /Users/inutano/.rbenv/versions/2.6.5/lib/ruby/gems/2.6.0/gems/puma-4.3.5/lib/puma/binder.rb:90:in `parse'
  /Users/inutano/.rbenv/versions/2.6.5/lib/ruby/gems/2.6.0/gems/puma-4.3.5/lib/puma/runner.rb:161:in `load_and_bind'
  /Users/inutano/.rbenv/versions/2.6.5/lib/ruby/gems/2.6.0/gems/puma-4.3.5/lib/puma/single.rb:98:in `run'
  /Users/inutano/.rbenv/versions/2.6.5/lib/ruby/gems/2.6.0/gems/puma-4.3.5/lib/puma/launcher.rb:172:in `run'
  /Users/inutano/.rbenv/versions/2.6.5/lib/ruby/gems/2.6.0/gems/puma-4.3.5/lib/puma/cli.rb:80:in `run'
  /Users/inutano/.rbenv/versions/2.6.5/lib/ruby/gems/2.6.0/gems/puma-4.3.5/bin/puma:10:in `<top (required)>'
  /Users/inutano/.rbenv/versions/2.6.5/bin/puma:23:in `load'
  /Users/inutano/.rbenv/versions/2.6.5/bin/puma:23:in `<top (required)>'
=== puma startup: 2020-05-28 01:14:02 +0900 ===
